<?xml version="1.0" encoding="UTF-8"?>
<!-- Generated by org.testng.reporters.JUnitReportReporter -->
<testsuite hostname="LAPTOP-GOWRISAIAARUSH" failures="0" tests="1" name="com.gowri.End2End.Tc2ManagerLogin" time="4.809" errors="0" timestamp="07 Jun 2018 11:01:34 GMT" skipped="0">
  <testcase classname="com.gowri.End2End.Tc2ManagerLogin" name="managerLogin" time="4.809"/>
</testsuite> <!-- com.gowri.End2End.Tc2ManagerLogin -->
