<?xml version="1.0" encoding="UTF-8"?>
<!-- Generated by org.testng.reporters.JUnitReportReporter -->
<testsuite hostname="LAPTOP-GOWRISAIAARUSH" failures="0" tests="1" name="com.gowri.End2End.NewTest" time="0.012" errors="0" timestamp="16 Feb 2018 10:38:59 GMT" skipped="0">
  <testcase classname="com.gowri.End2End.NewTest" name="f" time="0.012"/>
</testsuite> <!-- com.gowri.End2End.NewTest -->
