<?xml version="1.0" encoding="UTF-8"?>
<!-- Generated by org.testng.reporters.JUnitReportReporter -->
<testsuite hostname="LAPTOP-GOWRISAIAARUSH" failures="0" tests="1" name="com.gowri.End2End.HomePage" time="5.870" errors="0" timestamp="16 Feb 2018 13:15:42 GMT" skipped="0">
  <testcase classname="com.gowri.End2End.HomePage" name="basePageNavigation" time="5.870"/>
</testsuite> <!-- com.gowri.End2End.HomePage -->
