<?xml version="1.0" encoding="UTF-8"?>
<!-- Generated by org.testng.reporters.JUnitReportReporter -->
<testsuite hostname="LAPTOP-GOWRISAIAARUSH" failures="0" tests="1" name="com.gowri.End2End.Tc3DepositAmount" time="8.938" errors="0" timestamp="07 Jun 2018 11:01:34 GMT" skipped="0">
  <testcase classname="com.gowri.End2End.Tc3DepositAmount" name="depositMoney" time="8.938"/>
</testsuite> <!-- com.gowri.End2End.Tc3DepositAmount -->
