<?xml version="1.0" encoding="UTF-8"?>
<!-- Generated by org.testng.reporters.JUnitReportReporter -->
<testsuite hostname="LAPTOP-GOWRISAIAARUSH" failures="0" tests="1" name="com.gowri.End2End.Tc4AddCustomers" time="9.740" errors="0" timestamp="24 Feb 2018 21:03:24 GMT" skipped="0">
  <testcase classname="com.gowri.End2End.Tc4AddCustomers" name="addCustomers" time="9.740"/>
</testsuite> <!-- com.gowri.End2End.Tc4AddCustomers -->
