<?xml version="1.0" encoding="UTF-8"?>
<!-- Generated by org.testng.reporters.JUnitReportReporter -->
<testsuite hostname="LAPTOP-GOWRISAIAARUSH" failures="0" tests="1" name="com.gowri.End2End.Tc3DepositAmount" time="10.929" errors="0" timestamp="17 Feb 2018 23:24:40 GMT" skipped="0">
  <testcase classname="com.gowri.End2End.Tc3DepositAmount" name="depositMoney" time="10.929"/>
</testsuite> <!-- com.gowri.End2End.Tc3DepositAmount -->
