<?xml version="1.0" encoding="UTF-8"?>
<!-- Generated by org.testng.reporters.JUnitReportReporter -->
<testsuite hostname="LAPTOP-GOWRISAIAARUSH" failures="0" tests="1" name="com.gowri.End2End.Tc3DepositAmount" time="9.791" errors="0" timestamp="18 Feb 2018 01:20:16 GMT" skipped="0">
  <testcase classname="com.gowri.End2End.Tc3DepositAmount" name="depositMoney" time="9.791"/>
</testsuite> <!-- com.gowri.End2End.Tc3DepositAmount -->
