<?xml version="1.0" encoding="UTF-8"?>
<!-- Generated by org.testng.reporters.JUnitReportReporter -->
<testsuite hostname="LAPTOP-GOWRISAIAARUSH" failures="0" tests="1" name="com.gowri.End2End.Tc1CustomersLogin" time="37.070" errors="0" timestamp="17 Feb 2018 11:59:02 GMT" skipped="0">
  <testcase classname="com.gowri.End2End.Tc1CustomersLogin" name="customerLogin" time="37.070"/>
</testsuite> <!-- com.gowri.End2End.Tc1CustomersLogin -->
